<?xml version="1.0" encoding="UTF-8" ?>
<testsuites>
  <testsuite errors="0" failures="0" hostname="falblawi" id="0" name="PropertyTests" package="com.alworoud" tests="1" time="5.253" timestamp="2013-01-07T07:15:58">
      <properties />

      <testcase classname="com.alworoud.PropertyTests" name="testProperty" time="4.464" />

      <system-out><![CDATA[--Output from testProperty--
]]></system-out>

      <system-err><![CDATA[--Output from testProperty--
]]></system-err>

  </testsuite>
  <testsuite errors="0" failures="0" hostname="falblawi" id="1" name="UnitTests" package="com.alworoud" tests="1" time="0.477" timestamp="2013-01-07T07:16:03">
      <properties />

      <testcase classname="com.alworoud.UnitTests" name="testUnit" time="0.474" />

      <system-out><![CDATA[--Output from testUnit--
]]></system-out>

      <system-err><![CDATA[--Output from testUnit--
]]></system-err>

  </testsuite>
</testsuites>
